<?xml version="1.0" encoding="UTF-8"?>
<testsuite name="dominion.Card_ESTest" time="0.209" tests="47" errors="0" skipped="0" failures="0">
  <properties>
    <property name="java.runtime.name" value="OpenJDK Runtime Environment"/>
    <property name="sun.boot.library.path" value="/usr/lib/jvm/java-8-openjdk-amd64/jre/lib/amd64"/>
    <property name="java.vm.version" value="25.121-b13"/>
    <property name="java.vm.vendor" value="Oracle Corporation"/>
    <property name="maven.multiModuleProjectDirectory" value="/home/user/git/CS362/projects/willmetl"/>
    <property name="java.vendor.url" value="http://java.oracle.com/"/>
    <property name="path.separator" value=":"/>
    <property name="guice.disable.misplaced.annotation.check" value="true"/>
    <property name="java.vm.name" value="OpenJDK 64-Bit Server VM"/>
    <property name="file.encoding.pkg" value="sun.io"/>
    <property name="user.country" value="US"/>
    <property name="sun.java.launcher" value="SUN_STANDARD"/>
    <property name="sun.os.patch.level" value="unknown"/>
    <property name="java.vm.specification.name" value="Java Virtual Machine Specification"/>
    <property name="user.dir" value="/home/user/git/CS362/projects/willmetl"/>
    <property name="java.runtime.version" value="1.8.0_121-8u121-b13-0ubuntu1.16.10.2-b13"/>
    <property name="java.awt.graphicsenv" value="sun.awt.X11GraphicsEnvironment"/>
    <property name="java.endorsed.dirs" value="/usr/lib/jvm/java-8-openjdk-amd64/jre/lib/endorsed"/>
    <property name="os.arch" value="amd64"/>
    <property name="java.io.tmpdir" value="/tmp"/>
    <property name="line.separator" value="&#10;"/>
    <property name="java.vm.specification.vendor" value="Oracle Corporation"/>
    <property name="os.name" value="Linux"/>
    <property name="classworlds.conf" value="/usr/share/maven/bin/m2.conf"/>
    <property name="sun.jnu.encoding" value="UTF-8"/>
    <property name="java.library.path" value="/usr/java/packages/lib/amd64:/usr/lib/x86_64-linux-gnu/jni:/lib/x86_64-linux-gnu:/usr/lib/x86_64-linux-gnu:/usr/lib/jni:/lib:/usr/lib"/>
    <property name="java.specification.name" value="Java Platform API Specification"/>
    <property name="java.class.version" value="52.0"/>
    <property name="sun.management.compiler" value="HotSpot 64-Bit Tiered Compilers"/>
    <property name="os.version" value="4.8.0-39-generic"/>
    <property name="user.home" value="/home/user"/>
    <property name="user.timezone" value="America/Los_Angeles"/>
    <property name="java.awt.printerjob" value="sun.print.PSPrinterJob"/>
    <property name="file.encoding" value="UTF-8"/>
    <property name="java.specification.version" value="1.8"/>
    <property name="user.name" value="user"/>
    <property name="java.class.path" value="/usr/share/maven/boot/plexus-classworlds-2.x.jar"/>
    <property name="java.vm.specification.version" value="1.8"/>
    <property name="sun.arch.data.model" value="64"/>
    <property name="java.home" value="/usr/lib/jvm/java-8-openjdk-amd64/jre"/>
    <property name="sun.java.command" value="org.codehaus.plexus.classworlds.launcher.Launcher test"/>
    <property name="java.specification.vendor" value="Oracle Corporation"/>
    <property name="user.language" value="en"/>
    <property name="awt.toolkit" value="sun.awt.X11.XToolkit"/>
    <property name="java.vm.info" value="mixed mode"/>
    <property name="java.version" value="1.8.0_121"/>
    <property name="java.ext.dirs" value="/usr/lib/jvm/java-8-openjdk-amd64/jre/lib/ext:/usr/java/packages/lib/ext"/>
    <property name="securerandom.source" value="file:/dev/./urandom"/>
    <property name="sun.boot.class.path" value="/usr/lib/jvm/java-8-openjdk-amd64/jre/lib/resources.jar:/usr/lib/jvm/java-8-openjdk-amd64/jre/lib/rt.jar:/usr/lib/jvm/java-8-openjdk-amd64/jre/lib/sunrsasign.jar:/usr/lib/jvm/java-8-openjdk-amd64/jre/lib/jsse.jar:/usr/lib/jvm/java-8-openjdk-amd64/jre/lib/jce.jar:/usr/lib/jvm/java-8-openjdk-amd64/jre/lib/charsets.jar:/usr/lib/jvm/java-8-openjdk-amd64/jre/lib/jfr.jar:/usr/lib/jvm/java-8-openjdk-amd64/jre/classes"/>
    <property name="java.vendor" value="Oracle Corporation"/>
    <property name="maven.home" value="/usr/share/maven"/>
    <property name="file.separator" value="/"/>
    <property name="java.vendor.url.bug" value="http://bugreport.sun.com/bugreport/"/>
    <property name="sun.cpu.endian" value="little"/>
    <property name="sun.io.unicode.encoding" value="UnicodeLittle"/>
    <property name="sun.desktop" value="gnome"/>
    <property name="sun.cpu.isalist" value=""/>
  </properties>
  <testcase name="test30" classname="dominion.Card_ESTest" time="0.009"/>
  <testcase name="test31" classname="dominion.Card_ESTest" time="0.003"/>
  <testcase name="test10" classname="dominion.Card_ESTest" time="0.013"/>
  <testcase name="test32" classname="dominion.Card_ESTest" time="0.004"/>
  <testcase name="test11" classname="dominion.Card_ESTest" time="0.003"/>
  <testcase name="test33" classname="dominion.Card_ESTest" time="0.004"/>
  <testcase name="test12" classname="dominion.Card_ESTest" time="0.002"/>
  <testcase name="test34" classname="dominion.Card_ESTest" time="0.003"/>
  <testcase name="test13" classname="dominion.Card_ESTest" time="0.002"/>
  <testcase name="test35" classname="dominion.Card_ESTest" time="0.004"/>
  <testcase name="test14" classname="dominion.Card_ESTest" time="0.003"/>
  <testcase name="test36" classname="dominion.Card_ESTest" time="0.008"/>
  <testcase name="test15" classname="dominion.Card_ESTest" time="0.005"/>
  <testcase name="test37" classname="dominion.Card_ESTest" time="0.005"/>
  <testcase name="test16" classname="dominion.Card_ESTest" time="0.002"/>
  <testcase name="test38" classname="dominion.Card_ESTest" time="0.003"/>
  <testcase name="test17" classname="dominion.Card_ESTest" time="0.003"/>
  <testcase name="test39" classname="dominion.Card_ESTest" time="0.004"/>
  <testcase name="test18" classname="dominion.Card_ESTest" time="0.006"/>
  <testcase name="test19" classname="dominion.Card_ESTest" time="0.003"/>
  <testcase name="test40" classname="dominion.Card_ESTest" time="0.013"/>
  <testcase name="test41" classname="dominion.Card_ESTest" time="0.001"/>
  <testcase name="test20" classname="dominion.Card_ESTest" time="0.002"/>
  <testcase name="test42" classname="dominion.Card_ESTest" time="0.002"/>
  <testcase name="test21" classname="dominion.Card_ESTest" time="0.004"/>
  <testcase name="test43" classname="dominion.Card_ESTest" time="0.001"/>
  <testcase name="test00" classname="dominion.Card_ESTest" time="0.002"/>
  <testcase name="test22" classname="dominion.Card_ESTest" time="0.002"/>
  <testcase name="test44" classname="dominion.Card_ESTest" time="0.002"/>
  <testcase name="test01" classname="dominion.Card_ESTest" time="0.005"/>
  <testcase name="test23" classname="dominion.Card_ESTest" time="0.004"/>
  <testcase name="test45" classname="dominion.Card_ESTest" time="0.009"/>
  <testcase name="test02" classname="dominion.Card_ESTest" time="0.004"/>
  <testcase name="test24" classname="dominion.Card_ESTest" time="0.004"/>
  <testcase name="test46" classname="dominion.Card_ESTest" time="0.002"/>
  <testcase name="test03" classname="dominion.Card_ESTest" time="0.005"/>
  <testcase name="test25" classname="dominion.Card_ESTest" time="0.002"/>
  <testcase name="test04" classname="dominion.Card_ESTest" time="0.002"/>
  <testcase name="test26" classname="dominion.Card_ESTest" time="0.002"/>
  <testcase name="test05" classname="dominion.Card_ESTest" time="0.008"/>
  <testcase name="test27" classname="dominion.Card_ESTest" time="0.003"/>
  <testcase name="test06" classname="dominion.Card_ESTest" time="0.004"/>
  <testcase name="test28" classname="dominion.Card_ESTest" time="0.004"/>
  <testcase name="test07" classname="dominion.Card_ESTest" time="0.002"/>
  <testcase name="test29" classname="dominion.Card_ESTest" time="0.004"/>
  <testcase name="test08" classname="dominion.Card_ESTest" time="0.019"/>
  <testcase name="test09" classname="dominion.Card_ESTest" time="0.008"/>
</testsuite>