<?xml version="1.0" encoding="UTF-8" ?>
<testsuite tests="30" failures="5" name="org.cs362.dominion.Card_Test" time="0.487" errors="0" skipped="0">
  <properties>
    <property name="java.runtime.name" value="Java(TM) SE Runtime Environment"/>
    <property name="sun.boot.library.path" value="C:\Program Files\Java\jdk1.8.0_121\jre\bin"/>
    <property name="java.vm.version" value="25.121-b13"/>
    <property name="java.vm.vendor" value="Oracle Corporation"/>
    <property name="maven.multiModuleProjectDirectory" value="C:\Users\Austin Hodgin\Homework\CS362\HW1\CS362W17Section-001\projects\hodgina\HW2\Dominion"/>
    <property name="java.vendor.url" value="http://java.oracle.com/"/>
    <property name="path.separator" value=";"/>
    <property name="guice.disable.misplaced.annotation.check" value="true"/>
    <property name="java.vm.name" value="Java HotSpot(TM) 64-Bit Server VM"/>
    <property name="file.encoding.pkg" value="sun.io"/>
    <property name="user.script" value=""/>
    <property name="user.country" value="US"/>
    <property name="sun.java.launcher" value="SUN_STANDARD"/>
    <property name="sun.os.patch.level" value=""/>
    <property name="java.vm.specification.name" value="Java Virtual Machine Specification"/>
    <property name="user.dir" value="C:\Users\Austin Hodgin\Homework\CS362\HW1\CS362W17Section-001\projects\hodgina\HW2\Dominion"/>
    <property name="java.runtime.version" value="1.8.0_121-b13"/>
    <property name="java.awt.graphicsenv" value="sun.awt.Win32GraphicsEnvironment"/>
    <property name="java.endorsed.dirs" value="C:\Program Files\Java\jdk1.8.0_121\jre\lib\endorsed"/>
    <property name="os.arch" value="amd64"/>
    <property name="java.io.tmpdir" value="C:\Users\AUSTIN~1\AppData\Local\Temp\"/>
    <property name="line.separator" value="
"/>
    <property name="java.vm.specification.vendor" value="Oracle Corporation"/>
    <property name="user.variant" value=""/>
    <property name="os.name" value="Windows 10"/>
    <property name="classworlds.conf" value="C:\Program Files\Apache Software Foundation\apache-maven-3.3.9\bin\m2.conf"/>
    <property name="sun.jnu.encoding" value="Cp1252"/>
    <property name="java.library.path" value="C:\Program Files\Java\jdk1.8.0_121\bin;C:\windows\Sun\Java\bin;C:\windows\system32;C:\windows;C:\ProgramData\Oracle\Java\javapath;C:\windows\system32;C:\windows;C:\windows\System32\Wbem;C:\windows\System32\WindowsPowerShell\v1.0\;C:\Program Files\Apache Software Foundation\apache-maven-3.3.9\bin;C:\Program Files\Java\jdk1.8.0_121\bin;C:\Users\Austin Hodgin\AppData\Local\Microsoft\WindowsApps;C:\Users\Austin Hodgin\AppData\Local\atom\bin;C:\Program Files\Apache Software Foundation\apache-maven-3.3.9\bin;C:\Program Files\Java\jdk1.8.0_121\bin;."/>
    <property name="java.specification.name" value="Java Platform API Specification"/>
    <property name="java.class.version" value="52.0"/>
    <property name="sun.management.compiler" value="HotSpot 64-Bit Tiered Compilers"/>
    <property name="os.version" value="10.0"/>
    <property name="user.home" value="C:\Users\Austin Hodgin"/>
    <property name="user.timezone" value="America/Los_Angeles"/>
    <property name="java.awt.printerjob" value="sun.awt.windows.WPrinterJob"/>
    <property name="java.specification.version" value="1.8"/>
    <property name="file.encoding" value="Cp1252"/>
    <property name="user.name" value="Austin Hodgin"/>
    <property name="java.class.path" value="C:\Program Files\Apache Software Foundation\apache-maven-3.3.9\boot\plexus-classworlds-2.5.2.jar"/>
    <property name="java.vm.specification.version" value="1.8"/>
    <property name="sun.arch.data.model" value="64"/>
    <property name="java.home" value="C:\Program Files\Java\jdk1.8.0_121\jre"/>
    <property name="sun.java.command" value="org.codehaus.plexus.classworlds.launcher.Launcher test"/>
    <property name="java.specification.vendor" value="Oracle Corporation"/>
    <property name="user.language" value="en"/>
    <property name="awt.toolkit" value="sun.awt.windows.WToolkit"/>
    <property name="java.vm.info" value="mixed mode"/>
    <property name="java.version" value="1.8.0_121"/>
    <property name="java.ext.dirs" value="C:\Program Files\Java\jdk1.8.0_121\jre\lib\ext;C:\windows\Sun\Java\lib\ext"/>
    <property name="sun.boot.class.path" value="C:\Program Files\Java\jdk1.8.0_121\jre\lib\resources.jar;C:\Program Files\Java\jdk1.8.0_121\jre\lib\rt.jar;C:\Program Files\Java\jdk1.8.0_121\jre\lib\sunrsasign.jar;C:\Program Files\Java\jdk1.8.0_121\jre\lib\jsse.jar;C:\Program Files\Java\jdk1.8.0_121\jre\lib\jce.jar;C:\Program Files\Java\jdk1.8.0_121\jre\lib\charsets.jar;C:\Program Files\Java\jdk1.8.0_121\jre\lib\jfr.jar;C:\Program Files\Java\jdk1.8.0_121\jre\classes"/>
    <property name="sun.stderr.encoding" value="cp437"/>
    <property name="java.vendor" value="Oracle Corporation"/>
    <property name="maven.home" value="C:\Program Files\Apache Software Foundation\apache-maven-3.3.9"/>
    <property name="file.separator" value="\"/>
    <property name="java.vendor.url.bug" value="http://bugreport.sun.com/bugreport/"/>
    <property name="sun.cpu.endian" value="little"/>
    <property name="sun.io.unicode.encoding" value="UnicodeLittle"/>
    <property name="sun.stdout.encoding" value="cp437"/>
    <property name="sun.desktop" value="windows"/>
    <property name="sun.cpu.isalist" value="amd64"/>
  </properties>
  <testcase classname="org.cs362.dominion.Card_Test" name="testValuesGreatHall" time="0.097"/>
  <testcase classname="org.cs362.dominion.Card_Test" name="testLaboratoryValue" time="0.038"/>
  <testcase classname="org.cs362.dominion.Card_Test" name="testPlayGold" time="0.019"/>
  <testcase classname="org.cs362.dominion.Card_Test" name="testPlayMine" time="0.027"/>
  <testcase classname="org.cs362.dominion.Card_Test" name="testPlayLaboratory" time="0.004"/>
  <testcase classname="org.cs362.dominion.Card_Test" name="testValuesCutpurse" time="0.002"/>
  <testcase classname="org.cs362.dominion.Card_Test" name="testPlayBaron" time="0.024">
    <failure message="expected:&lt;6&gt; but was:&lt;5&gt;" type="java.lang.AssertionError">java.lang.AssertionError: expected:&lt;6&gt; but was:&lt;5&gt;
	at org.junit.Assert.fail(Assert.java:88)
	at org.junit.Assert.failNotEquals(Assert.java:743)
	at org.junit.Assert.assertEquals(Assert.java:118)
	at org.junit.Assert.assertEquals(Assert.java:555)
	at org.junit.Assert.assertEquals(Assert.java:542)
	at org.cs362.dominion.Card_Test.testPlayBaron(Card_Test.java:197)
	at sun.reflect.NativeMethodAccessorImpl.invoke0(Native Method)
	at sun.reflect.NativeMethodAccessorImpl.invoke(NativeMethodAccessorImpl.java:62)
	at sun.reflect.DelegatingMethodAccessorImpl.invoke(DelegatingMethodAccessorImpl.java:43)
	at java.lang.reflect.Method.invoke(Method.java:498)
	at org.junit.runners.model.FrameworkMethod$1.runReflectiveCall(FrameworkMethod.java:47)
	at org.junit.internal.runners.model.ReflectiveCallable.run(ReflectiveCallable.java:12)
	at org.junit.runners.model.FrameworkMethod.invokeExplosively(FrameworkMethod.java:44)
	at org.junit.internal.runners.statements.InvokeMethod.evaluate(InvokeMethod.java:17)
	at org.junit.internal.runners.statements.RunBefores.evaluate(RunBefores.java:26)
	at org.junit.runners.ParentRunner.runLeaf(ParentRunner.java:271)
	at org.junit.runners.BlockJUnit4ClassRunner.runChild(BlockJUnit4ClassRunner.java:70)
	at org.junit.runners.BlockJUnit4ClassRunner.runChild(BlockJUnit4ClassRunner.java:50)
	at org.junit.runners.ParentRunner$3.run(ParentRunner.java:238)
	at org.junit.runners.ParentRunner$1.schedule(ParentRunner.java:63)
	at org.junit.runners.ParentRunner.runChildren(ParentRunner.java:236)
	at org.junit.runners.ParentRunner.access$000(ParentRunner.java:53)
	at org.junit.runners.ParentRunner$2.evaluate(ParentRunner.java:229)
	at org.junit.runners.ParentRunner.run(ParentRunner.java:309)
	at org.apache.maven.surefire.junit4.JUnit4Provider.execute(JUnit4Provider.java:252)
	at org.apache.maven.surefire.junit4.JUnit4Provider.executeTestSet(JUnit4Provider.java:141)
	at org.apache.maven.surefire.junit4.JUnit4Provider.invoke(JUnit4Provider.java:112)
	at sun.reflect.NativeMethodAccessorImpl.invoke0(Native Method)
	at sun.reflect.NativeMethodAccessorImpl.invoke(NativeMethodAccessorImpl.java:62)
	at sun.reflect.DelegatingMethodAccessorImpl.invoke(DelegatingMethodAccessorImpl.java:43)
	at java.lang.reflect.Method.invoke(Method.java:498)
	at org.apache.maven.surefire.util.ReflectionUtils.invokeMethodWithArray(ReflectionUtils.java:189)
	at org.apache.maven.surefire.booter.ProviderFactory$ProviderProxy.invoke(ProviderFactory.java:165)
	at org.apache.maven.surefire.booter.ProviderFactory.invokeProvider(ProviderFactory.java:85)
	at org.apache.maven.surefire.booter.ForkedBooter.runSuitesInProcess(ForkedBooter.java:115)
	at org.apache.maven.surefire.booter.ForkedBooter.main(ForkedBooter.java:75)
</failure>
    <system-out>
PLAYER 1 &apos;s Inistial Card Draw Is: 
-----------------------------------
PLAYER 1 gains  
	Copper
-----------------------------------

PLAYER 1 &apos;s Inistial Card Draw Is: 
-----------------------------------
PLAYER 1 gains  
	Copper
-----------------------------------

PLAYER 1 &apos;s Inistial Card Draw Is: 
-----------------------------------
PLAYER 1 gains  
	Copper
-----------------------------------

PLAYER 1 &apos;s Inistial Card Draw Is: 
-----------------------------------
PLAYER 1 gains  
	Copper
-----------------------------------

PLAYER 1 &apos;s Inistial Card Draw Is: 
-----------------------------------
PLAYER 1 gains  
	Copper
-----------------------------------

PLAYER 1 &apos;s Inistial Card Draw Is: 
-----------------------------------
PLAYER 1 gains  
	Copper
-----------------------------------

PLAYER 1 &apos;s Inistial Card Draw Is: 
-----------------------------------
PLAYER 1 gains  
	Copper
-----------------------------------
-----------------------------------
PLAYER 1 gains  
	Estate
-----------------------------------
-----------------------------------
PLAYER 1 gains  
	Estate
-----------------------------------
-----------------------------------
PLAYER 1 gains  
	Estate
-----------------------------------

PLAYER 2 &apos;s Inistial Card Draw Is: 
-----------------------------------
PLAYER 2 gains  
	Copper
-----------------------------------

PLAYER 2 &apos;s Inistial Card Draw Is: 
-----------------------------------
PLAYER 2 gains  
	Copper
-----------------------------------

PLAYER 2 &apos;s Inistial Card Draw Is: 
-----------------------------------
PLAYER 2 gains  
	Copper
-----------------------------------

PLAYER 2 &apos;s Inistial Card Draw Is: 
-----------------------------------
PLAYER 2 gains  
	Copper
-----------------------------------

PLAYER 2 &apos;s Inistial Card Draw Is: 
-----------------------------------
PLAYER 2 gains  
	Copper
-----------------------------------

PLAYER 2 &apos;s Inistial Card Draw Is: 
-----------------------------------
PLAYER 2 gains  
	Copper
-----------------------------------

PLAYER 2 &apos;s Inistial Card Draw Is: 
-----------------------------------
PLAYER 2 gains  
	Copper
-----------------------------------
-----------------------------------
PLAYER 2 gains  
	Estate
-----------------------------------
-----------------------------------
PLAYER 2 gains  
	Estate
-----------------------------------
-----------------------------------
PLAYER 2 gains  
	Estate
-----------------------------------
reshuffle the deck of the player PLAYER 1 to draw FIVE cards
draw  
	Copper
draw  
	Copper
draw  
	Copper
draw  
	Estate
draw  
	Copper
</system-out>
  </testcase>
  <testcase classname="org.cs362.dominion.Card_Test" name="testPlayFeast" time="0.004">
    <failure type="java.lang.AssertionError">java.lang.AssertionError
	at org.junit.Assert.fail(Assert.java:86)
	at org.junit.Assert.assertTrue(Assert.java:41)
	at org.junit.Assert.assertTrue(Assert.java:52)
	at org.cs362.dominion.Card_Test.testPlayFeast(Card_Test.java:346)
	at sun.reflect.NativeMethodAccessorImpl.invoke0(Native Method)
	at sun.reflect.NativeMethodAccessorImpl.invoke(NativeMethodAccessorImpl.java:62)
	at sun.reflect.DelegatingMethodAccessorImpl.invoke(DelegatingMethodAccessorImpl.java:43)
	at java.lang.reflect.Method.invoke(Method.java:498)
	at org.junit.runners.model.FrameworkMethod$1.runReflectiveCall(FrameworkMethod.java:47)
	at org.junit.internal.runners.model.ReflectiveCallable.run(ReflectiveCallable.java:12)
	at org.junit.runners.model.FrameworkMethod.invokeExplosively(FrameworkMethod.java:44)
	at org.junit.internal.runners.statements.InvokeMethod.evaluate(InvokeMethod.java:17)
	at org.junit.internal.runners.statements.RunBefores.evaluate(RunBefores.java:26)
	at org.junit.runners.ParentRunner.runLeaf(ParentRunner.java:271)
	at org.junit.runners.BlockJUnit4ClassRunner.runChild(BlockJUnit4ClassRunner.java:70)
	at org.junit.runners.BlockJUnit4ClassRunner.runChild(BlockJUnit4ClassRunner.java:50)
	at org.junit.runners.ParentRunner$3.run(ParentRunner.java:238)
	at org.junit.runners.ParentRunner$1.schedule(ParentRunner.java:63)
	at org.junit.runners.ParentRunner.runChildren(ParentRunner.java:236)
	at org.junit.runners.ParentRunner.access$000(ParentRunner.java:53)
	at org.junit.runners.ParentRunner$2.evaluate(ParentRunner.java:229)
	at org.junit.runners.ParentRunner.run(ParentRunner.java:309)
	at org.apache.maven.surefire.junit4.JUnit4Provider.execute(JUnit4Provider.java:252)
	at org.apache.maven.surefire.junit4.JUnit4Provider.executeTestSet(JUnit4Provider.java:141)
	at org.apache.maven.surefire.junit4.JUnit4Provider.invoke(JUnit4Provider.java:112)
	at sun.reflect.NativeMethodAccessorImpl.invoke0(Native Method)
	at sun.reflect.NativeMethodAccessorImpl.invoke(NativeMethodAccessorImpl.java:62)
	at sun.reflect.DelegatingMethodAccessorImpl.invoke(DelegatingMethodAccessorImpl.java:43)
	at java.lang.reflect.Method.invoke(Method.java:498)
	at org.apache.maven.surefire.util.ReflectionUtils.invokeMethodWithArray(ReflectionUtils.java:189)
	at org.apache.maven.surefire.booter.ProviderFactory$ProviderProxy.invoke(ProviderFactory.java:165)
	at org.apache.maven.surefire.booter.ProviderFactory.invokeProvider(ProviderFactory.java:85)
	at org.apache.maven.surefire.booter.ForkedBooter.runSuitesInProcess(ForkedBooter.java:115)
	at org.apache.maven.surefire.booter.ForkedBooter.main(ForkedBooter.java:75)
</failure>
    <system-out>
PLAYER 1 &apos;s Inistial Card Draw Is: 
-----------------------------------
PLAYER 1 gains  
	Copper
-----------------------------------

PLAYER 1 &apos;s Inistial Card Draw Is: 
-----------------------------------
PLAYER 1 gains  
	Copper
-----------------------------------

PLAYER 1 &apos;s Inistial Card Draw Is: 
-----------------------------------
PLAYER 1 gains  
	Copper
-----------------------------------

PLAYER 1 &apos;s Inistial Card Draw Is: 
-----------------------------------
PLAYER 1 gains  
	Copper
-----------------------------------

PLAYER 1 &apos;s Inistial Card Draw Is: 
-----------------------------------
PLAYER 1 gains  
	Copper
-----------------------------------

PLAYER 1 &apos;s Inistial Card Draw Is: 
-----------------------------------
PLAYER 1 gains  
	Copper
-----------------------------------

PLAYER 1 &apos;s Inistial Card Draw Is: 
-----------------------------------
PLAYER 1 gains  
	Copper
-----------------------------------
-----------------------------------
PLAYER 1 gains  
	Estate
-----------------------------------
-----------------------------------
PLAYER 1 gains  
	Estate
-----------------------------------
-----------------------------------
PLAYER 1 gains  
	Estate
-----------------------------------

PLAYER 2 &apos;s Inistial Card Draw Is: 
-----------------------------------
PLAYER 2 gains  
	Copper
-----------------------------------

PLAYER 2 &apos;s Inistial Card Draw Is: 
-----------------------------------
PLAYER 2 gains  
	Copper
-----------------------------------

PLAYER 2 &apos;s Inistial Card Draw Is: 
-----------------------------------
PLAYER 2 gains  
	Copper
-----------------------------------

PLAYER 2 &apos;s Inistial Card Draw Is: 
-----------------------------------
PLAYER 2 gains  
	Copper
-----------------------------------

PLAYER 2 &apos;s Inistial Card Draw Is: 
-----------------------------------
PLAYER 2 gains  
	Copper
-----------------------------------

PLAYER 2 &apos;s Inistial Card Draw Is: 
-----------------------------------
PLAYER 2 gains  
	Copper
-----------------------------------

PLAYER 2 &apos;s Inistial Card Draw Is: 
-----------------------------------
PLAYER 2 gains  
	Copper
-----------------------------------
-----------------------------------
PLAYER 2 gains  
	Estate
-----------------------------------
-----------------------------------
PLAYER 2 gains  
	Estate
-----------------------------------
-----------------------------------
PLAYER 2 gains  
	Estate
-----------------------------------
reshuffle the deck of the player PLAYER 1 to draw FIVE cards
draw  
	Copper
draw  
	Estate
draw  
	Copper
draw  
	Copper
draw  
	Copper
-----------------------------------
        Playing Kingdom Cards      
-----------------------------------
PLAYER 1 is playing:  
	Feast
Trash this card, Gain a Card Costing up to 5 coins
</system-out>
  </testcase>
  <testcase classname="org.cs362.dominion.Card_Test" name="testValuesBaron" time="0.026"/>
  <testcase classname="org.cs362.dominion.Card_Test" name="testValuesFeast" time="0.004"/>
  <testcase classname="org.cs362.dominion.Card_Test" name="testValuesAmbassador" time="0.027"/>
  <testcase classname="org.cs362.dominion.Card_Test" name="testPlayVillage" time="0.003"/>
  <testcase classname="org.cs362.dominion.Card_Test" name="testPlayGreatHall" time="0.029"/>
  <testcase classname="org.cs362.dominion.Card_Test" name="testPlayAdventurer" time="0.003"/>
  <testcase classname="org.cs362.dominion.Card_Test" name="testValuesEmbargo" time="0.002"/>
  <testcase classname="org.cs362.dominion.Card_Test" name="testPlayCouncilRoom" time="0.027">
    <failure message="expected:&lt;7&gt; but was:&lt;9&gt;" type="java.lang.AssertionError">java.lang.AssertionError: expected:&lt;7&gt; but was:&lt;9&gt;
	at org.junit.Assert.fail(Assert.java:88)
	at org.junit.Assert.failNotEquals(Assert.java:743)
	at org.junit.Assert.assertEquals(Assert.java:118)
	at org.junit.Assert.assertEquals(Assert.java:555)
	at org.junit.Assert.assertEquals(Assert.java:542)
	at org.cs362.dominion.Card_Test.testPlayCouncilRoom(Card_Test.java:241)
	at sun.reflect.NativeMethodAccessorImpl.invoke0(Native Method)
	at sun.reflect.NativeMethodAccessorImpl.invoke(NativeMethodAccessorImpl.java:62)
	at sun.reflect.DelegatingMethodAccessorImpl.invoke(DelegatingMethodAccessorImpl.java:43)
	at java.lang.reflect.Method.invoke(Method.java:498)
	at org.junit.runners.model.FrameworkMethod$1.runReflectiveCall(FrameworkMethod.java:47)
	at org.junit.internal.runners.model.ReflectiveCallable.run(ReflectiveCallable.java:12)
	at org.junit.runners.model.FrameworkMethod.invokeExplosively(FrameworkMethod.java:44)
	at org.junit.internal.runners.statements.InvokeMethod.evaluate(InvokeMethod.java:17)
	at org.junit.internal.runners.statements.RunBefores.evaluate(RunBefores.java:26)
	at org.junit.runners.ParentRunner.runLeaf(ParentRunner.java:271)
	at org.junit.runners.BlockJUnit4ClassRunner.runChild(BlockJUnit4ClassRunner.java:70)
	at org.junit.runners.BlockJUnit4ClassRunner.runChild(BlockJUnit4ClassRunner.java:50)
	at org.junit.runners.ParentRunner$3.run(ParentRunner.java:238)
	at org.junit.runners.ParentRunner$1.schedule(ParentRunner.java:63)
	at org.junit.runners.ParentRunner.runChildren(ParentRunner.java:236)
	at org.junit.runners.ParentRunner.access$000(ParentRunner.java:53)
	at org.junit.runners.ParentRunner$2.evaluate(ParentRunner.java:229)
	at org.junit.runners.ParentRunner.run(ParentRunner.java:309)
	at org.apache.maven.surefire.junit4.JUnit4Provider.execute(JUnit4Provider.java:252)
	at org.apache.maven.surefire.junit4.JUnit4Provider.executeTestSet(JUnit4Provider.java:141)
	at org.apache.maven.surefire.junit4.JUnit4Provider.invoke(JUnit4Provider.java:112)
	at sun.reflect.NativeMethodAccessorImpl.invoke0(Native Method)
	at sun.reflect.NativeMethodAccessorImpl.invoke(NativeMethodAccessorImpl.java:62)
	at sun.reflect.DelegatingMethodAccessorImpl.invoke(DelegatingMethodAccessorImpl.java:43)
	at java.lang.reflect.Method.invoke(Method.java:498)
	at org.apache.maven.surefire.util.ReflectionUtils.invokeMethodWithArray(ReflectionUtils.java:189)
	at org.apache.maven.surefire.booter.ProviderFactory$ProviderProxy.invoke(ProviderFactory.java:165)
	at org.apache.maven.surefire.booter.ProviderFactory.invokeProvider(ProviderFactory.java:85)
	at org.apache.maven.surefire.booter.ForkedBooter.runSuitesInProcess(ForkedBooter.java:115)
	at org.apache.maven.surefire.booter.ForkedBooter.main(ForkedBooter.java:75)
</failure>
    <system-out>
PLAYER 1 &apos;s Inistial Card Draw Is: 
-----------------------------------
PLAYER 1 gains  
	Copper
-----------------------------------

PLAYER 1 &apos;s Inistial Card Draw Is: 
-----------------------------------
PLAYER 1 gains  
	Copper
-----------------------------------

PLAYER 1 &apos;s Inistial Card Draw Is: 
-----------------------------------
PLAYER 1 gains  
	Copper
-----------------------------------

PLAYER 1 &apos;s Inistial Card Draw Is: 
-----------------------------------
PLAYER 1 gains  
	Copper
-----------------------------------

PLAYER 1 &apos;s Inistial Card Draw Is: 
-----------------------------------
PLAYER 1 gains  
	Copper
-----------------------------------

PLAYER 1 &apos;s Inistial Card Draw Is: 
-----------------------------------
PLAYER 1 gains  
	Copper
-----------------------------------

PLAYER 1 &apos;s Inistial Card Draw Is: 
-----------------------------------
PLAYER 1 gains  
	Copper
-----------------------------------
-----------------------------------
PLAYER 1 gains  
	Estate
-----------------------------------
-----------------------------------
PLAYER 1 gains  
	Estate
-----------------------------------
-----------------------------------
PLAYER 1 gains  
	Estate
-----------------------------------

PLAYER 2 &apos;s Inistial Card Draw Is: 
-----------------------------------
PLAYER 2 gains  
	Copper
-----------------------------------

PLAYER 2 &apos;s Inistial Card Draw Is: 
-----------------------------------
PLAYER 2 gains  
	Copper
-----------------------------------

PLAYER 2 &apos;s Inistial Card Draw Is: 
-----------------------------------
PLAYER 2 gains  
	Copper
-----------------------------------

PLAYER 2 &apos;s Inistial Card Draw Is: 
-----------------------------------
PLAYER 2 gains  
	Copper
-----------------------------------

PLAYER 2 &apos;s Inistial Card Draw Is: 
-----------------------------------
PLAYER 2 gains  
	Copper
-----------------------------------

PLAYER 2 &apos;s Inistial Card Draw Is: 
-----------------------------------
PLAYER 2 gains  
	Copper
-----------------------------------

PLAYER 2 &apos;s Inistial Card Draw Is: 
-----------------------------------
PLAYER 2 gains  
	Copper
-----------------------------------
-----------------------------------
PLAYER 2 gains  
	Estate
-----------------------------------
-----------------------------------
PLAYER 2 gains  
	Estate
-----------------------------------
-----------------------------------
PLAYER 2 gains  
	Estate
-----------------------------------
reshuffle the deck of the player PLAYER 1 to draw FIVE cards
draw  
	Estate
draw  
	Copper
draw  
	Copper
draw  
	Copper
draw  
	Copper
reshuffle the deck of the player PLAYER 2 to draw FIVE cards
draw  
	Estate
draw  
	Copper
draw  
	Copper
draw  
	Copper
draw  
	Copper
-----------------------------------
        Playing Kingdom Cards      
-----------------------------------
PLAYER 1 is playing:  
	Council_room
+4 Cards, +1 Buy, All other Players +1 Cards
draw  
	Estate
draw  
	Copper
draw  
	Estate
</system-out>
  </testcase>
  <testcase classname="org.cs362.dominion.Card_Test" name="testPlayCopper" time="0.002"/>
  <testcase classname="org.cs362.dominion.Card_Test" name="testPlayAmbassador" time="0.026"/>
  <testcase classname="org.cs362.dominion.Card_Test" name="testPlaySilver" time="0.004"/>
  <testcase classname="org.cs362.dominion.Card_Test" name="testPlaySmithy" time="0.024">
    <failure message="expected:&lt;6&gt; but was:&lt;8&gt;" type="java.lang.AssertionError">java.lang.AssertionError: expected:&lt;6&gt; but was:&lt;8&gt;
	at org.junit.Assert.fail(Assert.java:88)
	at org.junit.Assert.failNotEquals(Assert.java:743)
	at org.junit.Assert.assertEquals(Assert.java:118)
	at org.junit.Assert.assertEquals(Assert.java:555)
	at org.junit.Assert.assertEquals(Assert.java:542)
	at org.cs362.dominion.Card_Test.testPlaySmithy(Card_Test.java:471)
	at sun.reflect.NativeMethodAccessorImpl.invoke0(Native Method)
	at sun.reflect.NativeMethodAccessorImpl.invoke(NativeMethodAccessorImpl.java:62)
	at sun.reflect.DelegatingMethodAccessorImpl.invoke(DelegatingMethodAccessorImpl.java:43)
	at java.lang.reflect.Method.invoke(Method.java:498)
	at org.junit.runners.model.FrameworkMethod$1.runReflectiveCall(FrameworkMethod.java:47)
	at org.junit.internal.runners.model.ReflectiveCallable.run(ReflectiveCallable.java:12)
	at org.junit.runners.model.FrameworkMethod.invokeExplosively(FrameworkMethod.java:44)
	at org.junit.internal.runners.statements.InvokeMethod.evaluate(InvokeMethod.java:17)
	at org.junit.internal.runners.statements.RunBefores.evaluate(RunBefores.java:26)
	at org.junit.runners.ParentRunner.runLeaf(ParentRunner.java:271)
	at org.junit.runners.BlockJUnit4ClassRunner.runChild(BlockJUnit4ClassRunner.java:70)
	at org.junit.runners.BlockJUnit4ClassRunner.runChild(BlockJUnit4ClassRunner.java:50)
	at org.junit.runners.ParentRunner$3.run(ParentRunner.java:238)
	at org.junit.runners.ParentRunner$1.schedule(ParentRunner.java:63)
	at org.junit.runners.ParentRunner.runChildren(ParentRunner.java:236)
	at org.junit.runners.ParentRunner.access$000(ParentRunner.java:53)
	at org.junit.runners.ParentRunner$2.evaluate(ParentRunner.java:229)
	at org.junit.runners.ParentRunner.run(ParentRunner.java:309)
	at org.apache.maven.surefire.junit4.JUnit4Provider.execute(JUnit4Provider.java:252)
	at org.apache.maven.surefire.junit4.JUnit4Provider.executeTestSet(JUnit4Provider.java:141)
	at org.apache.maven.surefire.junit4.JUnit4Provider.invoke(JUnit4Provider.java:112)
	at sun.reflect.NativeMethodAccessorImpl.invoke0(Native Method)
	at sun.reflect.NativeMethodAccessorImpl.invoke(NativeMethodAccessorImpl.java:62)
	at sun.reflect.DelegatingMethodAccessorImpl.invoke(DelegatingMethodAccessorImpl.java:43)
	at java.lang.reflect.Method.invoke(Method.java:498)
	at org.apache.maven.surefire.util.ReflectionUtils.invokeMethodWithArray(ReflectionUtils.java:189)
	at org.apache.maven.surefire.booter.ProviderFactory$ProviderProxy.invoke(ProviderFactory.java:165)
	at org.apache.maven.surefire.booter.ProviderFactory.invokeProvider(ProviderFactory.java:85)
	at org.apache.maven.surefire.booter.ForkedBooter.runSuitesInProcess(ForkedBooter.java:115)
	at org.apache.maven.surefire.booter.ForkedBooter.main(ForkedBooter.java:75)
</failure>
    <system-out>
PLAYER 1 &apos;s Inistial Card Draw Is: 
-----------------------------------
PLAYER 1 gains  
	Copper
-----------------------------------

PLAYER 1 &apos;s Inistial Card Draw Is: 
-----------------------------------
PLAYER 1 gains  
	Copper
-----------------------------------

PLAYER 1 &apos;s Inistial Card Draw Is: 
-----------------------------------
PLAYER 1 gains  
	Copper
-----------------------------------

PLAYER 1 &apos;s Inistial Card Draw Is: 
-----------------------------------
PLAYER 1 gains  
	Copper
-----------------------------------

PLAYER 1 &apos;s Inistial Card Draw Is: 
-----------------------------------
PLAYER 1 gains  
	Copper
-----------------------------------

PLAYER 1 &apos;s Inistial Card Draw Is: 
-----------------------------------
PLAYER 1 gains  
	Copper
-----------------------------------

PLAYER 1 &apos;s Inistial Card Draw Is: 
-----------------------------------
PLAYER 1 gains  
	Copper
-----------------------------------
-----------------------------------
PLAYER 1 gains  
	Estate
-----------------------------------
-----------------------------------
PLAYER 1 gains  
	Estate
-----------------------------------
-----------------------------------
PLAYER 1 gains  
	Estate
-----------------------------------

PLAYER 2 &apos;s Inistial Card Draw Is: 
-----------------------------------
PLAYER 2 gains  
	Copper
-----------------------------------

PLAYER 2 &apos;s Inistial Card Draw Is: 
-----------------------------------
PLAYER 2 gains  
	Copper
-----------------------------------

PLAYER 2 &apos;s Inistial Card Draw Is: 
-----------------------------------
PLAYER 2 gains  
	Copper
-----------------------------------

PLAYER 2 &apos;s Inistial Card Draw Is: 
-----------------------------------
PLAYER 2 gains  
	Copper
-----------------------------------

PLAYER 2 &apos;s Inistial Card Draw Is: 
-----------------------------------
PLAYER 2 gains  
	Copper
-----------------------------------

PLAYER 2 &apos;s Inistial Card Draw Is: 
-----------------------------------
PLAYER 2 gains  
	Copper
-----------------------------------

PLAYER 2 &apos;s Inistial Card Draw Is: 
-----------------------------------
PLAYER 2 gains  
	Copper
-----------------------------------
-----------------------------------
PLAYER 2 gains  
	Estate
-----------------------------------
-----------------------------------
PLAYER 2 gains  
	Estate
-----------------------------------
-----------------------------------
PLAYER 2 gains  
	Estate
-----------------------------------
reshuffle the deck of the player PLAYER 1 to draw FIVE cards
draw  
	Copper
draw  
	Estate
draw  
	Estate
draw  
	Copper
draw  
	Copper
-----------------------------------
        Playing Kingdom Cards      
-----------------------------------
PLAYER 1 is playing:  
	Smithy
draw  
	Copper
</system-out>
  </testcase>
  <testcase classname="org.cs362.dominion.Card_Test" name="testPlayCutpurse" time="0.003">
    <failure message="expected:&lt;1&gt; but was:&lt;2&gt;" type="java.lang.AssertionError">java.lang.AssertionError: expected:&lt;1&gt; but was:&lt;2&gt;
	at org.junit.Assert.fail(Assert.java:88)
	at org.junit.Assert.failNotEquals(Assert.java:743)
	at org.junit.Assert.assertEquals(Assert.java:118)
	at org.junit.Assert.assertEquals(Assert.java:555)
	at org.junit.Assert.assertEquals(Assert.java:542)
	at org.cs362.dominion.Card_Test.testPlayCutpurse(Card_Test.java:281)
	at sun.reflect.NativeMethodAccessorImpl.invoke0(Native Method)
	at sun.reflect.NativeMethodAccessorImpl.invoke(NativeMethodAccessorImpl.java:62)
	at sun.reflect.DelegatingMethodAccessorImpl.invoke(DelegatingMethodAccessorImpl.java:43)
	at java.lang.reflect.Method.invoke(Method.java:498)
	at org.junit.runners.model.FrameworkMethod$1.runReflectiveCall(FrameworkMethod.java:47)
	at org.junit.internal.runners.model.ReflectiveCallable.run(ReflectiveCallable.java:12)
	at org.junit.runners.model.FrameworkMethod.invokeExplosively(FrameworkMethod.java:44)
	at org.junit.internal.runners.statements.InvokeMethod.evaluate(InvokeMethod.java:17)
	at org.junit.internal.runners.statements.RunBefores.evaluate(RunBefores.java:26)
	at org.junit.runners.ParentRunner.runLeaf(ParentRunner.java:271)
	at org.junit.runners.BlockJUnit4ClassRunner.runChild(BlockJUnit4ClassRunner.java:70)
	at org.junit.runners.BlockJUnit4ClassRunner.runChild(BlockJUnit4ClassRunner.java:50)
	at org.junit.runners.ParentRunner$3.run(ParentRunner.java:238)
	at org.junit.runners.ParentRunner$1.schedule(ParentRunner.java:63)
	at org.junit.runners.ParentRunner.runChildren(ParentRunner.java:236)
	at org.junit.runners.ParentRunner.access$000(ParentRunner.java:53)
	at org.junit.runners.ParentRunner$2.evaluate(ParentRunner.java:229)
	at org.junit.runners.ParentRunner.run(ParentRunner.java:309)
	at org.apache.maven.surefire.junit4.JUnit4Provider.execute(JUnit4Provider.java:252)
	at org.apache.maven.surefire.junit4.JUnit4Provider.executeTestSet(JUnit4Provider.java:141)
	at org.apache.maven.surefire.junit4.JUnit4Provider.invoke(JUnit4Provider.java:112)
	at sun.reflect.NativeMethodAccessorImpl.invoke0(Native Method)
	at sun.reflect.NativeMethodAccessorImpl.invoke(NativeMethodAccessorImpl.java:62)
	at sun.reflect.DelegatingMethodAccessorImpl.invoke(DelegatingMethodAccessorImpl.java:43)
	at java.lang.reflect.Method.invoke(Method.java:498)
	at org.apache.maven.surefire.util.ReflectionUtils.invokeMethodWithArray(ReflectionUtils.java:189)
	at org.apache.maven.surefire.booter.ProviderFactory$ProviderProxy.invoke(ProviderFactory.java:165)
	at org.apache.maven.surefire.booter.ProviderFactory.invokeProvider(ProviderFactory.java:85)
	at org.apache.maven.surefire.booter.ForkedBooter.runSuitesInProcess(ForkedBooter.java:115)
	at org.apache.maven.surefire.booter.ForkedBooter.main(ForkedBooter.java:75)
</failure>
    <system-out>
PLAYER 1 &apos;s Inistial Card Draw Is: 
-----------------------------------
PLAYER 1 gains  
	Copper
-----------------------------------

PLAYER 1 &apos;s Inistial Card Draw Is: 
-----------------------------------
PLAYER 1 gains  
	Copper
-----------------------------------

PLAYER 1 &apos;s Inistial Card Draw Is: 
-----------------------------------
PLAYER 1 gains  
	Copper
-----------------------------------

PLAYER 1 &apos;s Inistial Card Draw Is: 
-----------------------------------
PLAYER 1 gains  
	Copper
-----------------------------------

PLAYER 1 &apos;s Inistial Card Draw Is: 
-----------------------------------
PLAYER 1 gains  
	Copper
-----------------------------------

PLAYER 1 &apos;s Inistial Card Draw Is: 
-----------------------------------
PLAYER 1 gains  
	Copper
-----------------------------------

PLAYER 1 &apos;s Inistial Card Draw Is: 
-----------------------------------
PLAYER 1 gains  
	Copper
-----------------------------------
-----------------------------------
PLAYER 1 gains  
	Estate
-----------------------------------
-----------------------------------
PLAYER 1 gains  
	Estate
-----------------------------------
-----------------------------------
PLAYER 1 gains  
	Estate
-----------------------------------

PLAYER 2 &apos;s Inistial Card Draw Is: 
-----------------------------------
PLAYER 2 gains  
	Copper
-----------------------------------

PLAYER 2 &apos;s Inistial Card Draw Is: 
-----------------------------------
PLAYER 2 gains  
	Copper
-----------------------------------

PLAYER 2 &apos;s Inistial Card Draw Is: 
-----------------------------------
PLAYER 2 gains  
	Copper
-----------------------------------

PLAYER 2 &apos;s Inistial Card Draw Is: 
-----------------------------------
PLAYER 2 gains  
	Copper
-----------------------------------

PLAYER 2 &apos;s Inistial Card Draw Is: 
-----------------------------------
PLAYER 2 gains  
	Copper
-----------------------------------

PLAYER 2 &apos;s Inistial Card Draw Is: 
-----------------------------------
PLAYER 2 gains  
	Copper
-----------------------------------

PLAYER 2 &apos;s Inistial Card Draw Is: 
-----------------------------------
PLAYER 2 gains  
	Copper
-----------------------------------
-----------------------------------
PLAYER 2 gains  
	Estate
-----------------------------------
-----------------------------------
PLAYER 2 gains  
	Estate
-----------------------------------
-----------------------------------
PLAYER 2 gains  
	Estate
-----------------------------------
reshuffle the deck of the player PLAYER 1 to draw FIVE cards
draw  
	Copper
draw  
	Copper
draw  
	Copper
draw  
	Copper
draw  
	Estate
reshuffle the deck of the player PLAYER 2 to draw FIVE cards
draw  
	Copper
draw  
	Estate
draw  
	Copper
draw  
	Estate
draw  
	Copper
-----------------------------------
        Playing Kingdom Cards      
-----------------------------------
PLAYER 1 is playing:  
	Cutpurse
+2 Coins, Every other player discard a copper card
Player:  PLAYER 2 discards  
	Copper
</system-out>
  </testcase>
  <testcase classname="org.cs362.dominion.Card_Test" name="testValuesCopper" time="0.002"/>
  <testcase classname="org.cs362.dominion.Card_Test" name="testValuesCouncilRoom" time="0.028"/>
  <testcase classname="org.cs362.dominion.Card_Test" name="testValuesGold" time="0.002"/>
  <testcase classname="org.cs362.dominion.Card_Test" name="testValuesMine" time="0.002"/>
  <testcase classname="org.cs362.dominion.Card_Test" name="testPlayEmbargo" time="0.027"/>
  <testcase classname="org.cs362.dominion.Card_Test" name="testValuesSilver" time="0.002"/>
  <testcase classname="org.cs362.dominion.Card_Test" name="testValuesSmithy" time="0.002"/>
  <testcase classname="org.cs362.dominion.Card_Test" name="testValuesVillage" time="0.025"/>
  <testcase classname="org.cs362.dominion.Card_Test" name="testValuesAdventurer" time="0.002"/>
</testsuite>