<?xml version="1.0" encoding="UTF-8"?>
<testsuite name="dominion.Player_ESTest" time="0.392" tests="31" errors="15" skipped="0" failures="0">
  <properties>
    <property name="java.runtime.name" value="Java(TM) SE Runtime Environment"/>
    <property name="sun.boot.library.path" value="/Library/Java/JavaVirtualMachines/jdk1.8.0_121.jdk/Contents/Home/jre/lib"/>
    <property name="java.vm.version" value="25.121-b13"/>
    <property name="gopherProxySet" value="false"/>
    <property name="java.vm.vendor" value="Oracle Corporation"/>
    <property name="maven.multiModuleProjectDirectory" value="/Users/Nathan/Desktop/cs362/dirClone/CS362-SE2/projects/shephern/dominion/Dominion"/>
    <property name="java.vendor.url" value="http://java.oracle.com/"/>
    <property name="path.separator" value=":"/>
    <property name="guice.disable.misplaced.annotation.check" value="true"/>
    <property name="java.vm.name" value="Java HotSpot(TM) 64-Bit Server VM"/>
    <property name="file.encoding.pkg" value="sun.io"/>
    <property name="user.country" value="US"/>
    <property name="sun.java.launcher" value="SUN_STANDARD"/>
    <property name="sun.os.patch.level" value="unknown"/>
    <property name="java.vm.specification.name" value="Java Virtual Machine Specification"/>
    <property name="user.dir" value="/Users/Nathan/Desktop/cs362/dirClone/CS362-SE2/projects/shephern/dominion/Dominion"/>
    <property name="java.runtime.version" value="1.8.0_121-b13"/>
    <property name="java.awt.graphicsenv" value="sun.awt.CGraphicsEnvironment"/>
    <property name="java.endorsed.dirs" value="/Library/Java/JavaVirtualMachines/jdk1.8.0_121.jdk/Contents/Home/jre/lib/endorsed"/>
    <property name="os.arch" value="x86_64"/>
    <property name="java.io.tmpdir" value="/var/folders/jw/bz24zpm1443_wb7hpwbchl1m0000gn/T/"/>
    <property name="line.separator" value="&#10;"/>
    <property name="java.vm.specification.vendor" value="Oracle Corporation"/>
    <property name="os.name" value="Mac OS X"/>
    <property name="classworlds.conf" value="/usr/local/Cellar/maven/3.3.9/libexec/bin/m2.conf"/>
    <property name="sun.jnu.encoding" value="UTF-8"/>
    <property name="java.library.path" value="/Users/Nathan/Library/Java/Extensions:/Library/Java/Extensions:/Network/Library/Java/Extensions:/System/Library/Java/Extensions:/usr/lib/java:."/>
    <property name="java.specification.name" value="Java Platform API Specification"/>
    <property name="java.class.version" value="52.0"/>
    <property name="sun.management.compiler" value="HotSpot 64-Bit Tiered Compilers"/>
    <property name="os.version" value="10.11.5"/>
    <property name="user.home" value="/Users/Nathan"/>
    <property name="user.timezone" value="America/Los_Angeles"/>
    <property name="java.awt.printerjob" value="sun.lwawt.macosx.CPrinterJob"/>
    <property name="java.specification.version" value="1.8"/>
    <property name="file.encoding" value="UTF-8"/>
    <property name="user.name" value="Nathan"/>
    <property name="java.class.path" value="/usr/local/Cellar/maven/3.3.9/libexec/boot/plexus-classworlds-2.5.2.jar"/>
    <property name="java.vm.specification.version" value="1.8"/>
    <property name="sun.arch.data.model" value="64"/>
    <property name="java.home" value="/Library/Java/JavaVirtualMachines/jdk1.8.0_121.jdk/Contents/Home/jre"/>
    <property name="sun.java.command" value="org.codehaus.plexus.classworlds.launcher.Launcher test"/>
    <property name="java.specification.vendor" value="Oracle Corporation"/>
    <property name="user.language" value="en"/>
    <property name="awt.toolkit" value="sun.lwawt.macosx.LWCToolkit"/>
    <property name="java.vm.info" value="mixed mode"/>
    <property name="java.version" value="1.8.0_121"/>
    <property name="java.ext.dirs" value="/Users/Nathan/Library/Java/Extensions:/Library/Java/JavaVirtualMachines/jdk1.8.0_121.jdk/Contents/Home/jre/lib/ext:/Library/Java/Extensions:/Network/Library/Java/Extensions:/System/Library/Java/Extensions:/usr/lib/java"/>
    <property name="sun.boot.class.path" value="/Library/Java/JavaVirtualMachines/jdk1.8.0_121.jdk/Contents/Home/jre/lib/resources.jar:/Library/Java/JavaVirtualMachines/jdk1.8.0_121.jdk/Contents/Home/jre/lib/rt.jar:/Library/Java/JavaVirtualMachines/jdk1.8.0_121.jdk/Contents/Home/jre/lib/sunrsasign.jar:/Library/Java/JavaVirtualMachines/jdk1.8.0_121.jdk/Contents/Home/jre/lib/jsse.jar:/Library/Java/JavaVirtualMachines/jdk1.8.0_121.jdk/Contents/Home/jre/lib/jce.jar:/Library/Java/JavaVirtualMachines/jdk1.8.0_121.jdk/Contents/Home/jre/lib/charsets.jar:/Library/Java/JavaVirtualMachines/jdk1.8.0_121.jdk/Contents/Home/jre/lib/jfr.jar:/Library/Java/JavaVirtualMachines/jdk1.8.0_121.jdk/Contents/Home/jre/classes"/>
    <property name="java.vendor" value="Oracle Corporation"/>
    <property name="maven.home" value="/usr/local/Cellar/maven/3.3.9/libexec"/>
    <property name="file.separator" value="/"/>
    <property name="java.vendor.url.bug" value="http://bugreport.sun.com/bugreport/"/>
    <property name="sun.cpu.endian" value="little"/>
    <property name="sun.io.unicode.encoding" value="UnicodeBig"/>
    <property name="sun.cpu.isalist" value=""/>
  </properties>
  <testcase name="test01" classname="dominion.Player_ESTest" time="0.02"/>
  <testcase name="test23" classname="dominion.Player_ESTest" time="0.011"/>
  <testcase name="test00" classname="dominion.Player_ESTest" time="0.01"/>
  <testcase name="test22" classname="dominion.Player_ESTest" time="0.017"/>
  <testcase name="test21" classname="dominion.Player_ESTest" time="0.013">
    <error message="dominion/Card$CardName" type="java.lang.NoClassDefFoundError">java.lang.NoClassDefFoundError: dominion/Card$CardName
	at java.lang.ClassLoader.defineClass1(Native Method)
	at java.lang.ClassLoader.defineClass(ClassLoader.java:763)
	at java.lang.ClassLoader.defineClass(ClassLoader.java:642)
	at org.evosuite.runtime.instrumentation.EvoClassLoader.instrumentClass(EvoClassLoader.java:116)
	at org.evosuite.runtime.instrumentation.EvoClassLoader.loadClass(EvoClassLoader.java:92)
	at dominion.Player_ESTest.test21(Player_ESTest.java:343)
</error>
  </testcase>
  <testcase name="test20" classname="dominion.Player_ESTest" time="0.015">
    <error message="dominion/Card$CardName" type="java.lang.NoClassDefFoundError">java.lang.NoClassDefFoundError: dominion/Card$CardName
	at java.lang.ClassLoader.defineClass1(Native Method)
	at java.lang.ClassLoader.defineClass(ClassLoader.java:763)
	at java.lang.ClassLoader.defineClass(ClassLoader.java:642)
	at org.evosuite.runtime.instrumentation.EvoClassLoader.instrumentClass(EvoClassLoader.java:116)
	at org.evosuite.runtime.instrumentation.EvoClassLoader.loadClass(EvoClassLoader.java:92)
	at dominion.Player_ESTest.test20(Player_ESTest.java:336)
</error>
  </testcase>
  <testcase name="test05" classname="dominion.Player_ESTest" time="0.015"/>
  <testcase name="test27" classname="dominion.Player_ESTest" time="0.014">
    <error message="dominion/Card$CardName" type="java.lang.NoClassDefFoundError">java.lang.NoClassDefFoundError: dominion/Card$CardName
	at java.lang.ClassLoader.defineClass1(Native Method)
	at java.lang.ClassLoader.defineClass(ClassLoader.java:763)
	at java.lang.ClassLoader.defineClass(ClassLoader.java:642)
	at org.evosuite.runtime.instrumentation.EvoClassLoader.instrumentClass(EvoClassLoader.java:116)
	at org.evosuite.runtime.instrumentation.EvoClassLoader.loadClass(EvoClassLoader.java:92)
	at dominion.Player_ESTest.test27(Player_ESTest.java:401)
</error>
  </testcase>
  <testcase name="test04" classname="dominion.Player_ESTest" time="0.014">
    <error message="dominion/Card$CardName" type="java.lang.NoClassDefFoundError">java.lang.NoClassDefFoundError: dominion/Card$CardName
	at java.lang.ClassLoader.defineClass1(Native Method)
	at java.lang.ClassLoader.defineClass(ClassLoader.java:763)
	at java.lang.ClassLoader.defineClass(ClassLoader.java:642)
	at org.evosuite.runtime.instrumentation.EvoClassLoader.instrumentClass(EvoClassLoader.java:116)
	at org.evosuite.runtime.instrumentation.EvoClassLoader.loadClass(EvoClassLoader.java:92)
	at dominion.Player.buyCard(Player.java:130)
	at dominion.Player_ESTest.test04(Player_ESTest.java:89)
</error>
  </testcase>
  <testcase name="test26" classname="dominion.Player_ESTest" time="0.021">
    <error message="dominion/Card$Type" type="java.lang.NoClassDefFoundError">java.lang.NoClassDefFoundError: dominion/Card$Type
	at java.lang.ClassLoader.defineClass1(Native Method)
	at java.lang.ClassLoader.defineClass(ClassLoader.java:763)
	at java.lang.ClassLoader.defineClass(ClassLoader.java:642)
	at org.evosuite.runtime.instrumentation.EvoClassLoader.instrumentClass(EvoClassLoader.java:116)
	at org.evosuite.runtime.instrumentation.EvoClassLoader.loadClass(EvoClassLoader.java:92)
	at dominion.Player.playTreasureCard(Player.java:109)
	at dominion.Player_ESTest.test26(Player_ESTest.java:395)
</error>
  </testcase>
  <testcase name="test03" classname="dominion.Player_ESTest" time="0.008"/>
  <testcase name="test25" classname="dominion.Player_ESTest" time="0.014"/>
  <testcase name="test02" classname="dominion.Player_ESTest" time="0.009"/>
  <testcase name="test24" classname="dominion.Player_ESTest" time="0.011"/>
  <testcase name="test09" classname="dominion.Player_ESTest" time="0.013">
    <error message="dominion/Card$CardName" type="java.lang.NoClassDefFoundError">java.lang.NoClassDefFoundError: dominion/Card$CardName
	at java.lang.ClassLoader.defineClass1(Native Method)
	at java.lang.ClassLoader.defineClass(ClassLoader.java:763)
	at java.lang.ClassLoader.defineClass(ClassLoader.java:642)
	at org.evosuite.runtime.instrumentation.EvoClassLoader.instrumentClass(EvoClassLoader.java:116)
	at org.evosuite.runtime.instrumentation.EvoClassLoader.loadClass(EvoClassLoader.java:92)
	at dominion.Player_ESTest.test09(Player_ESTest.java:149)
</error>
  </testcase>
  <testcase name="test08" classname="dominion.Player_ESTest" time="0.013">
    <error message="dominion/Randomness" type="java.lang.NoClassDefFoundError">java.lang.NoClassDefFoundError: dominion/Randomness
	at java.lang.ClassLoader.defineClass1(Native Method)
	at java.lang.ClassLoader.defineClass(ClassLoader.java:763)
	at java.lang.ClassLoader.defineClass(ClassLoader.java:642)
	at org.evosuite.runtime.instrumentation.EvoClassLoader.instrumentClass(EvoClassLoader.java:116)
	at org.evosuite.runtime.instrumentation.EvoClassLoader.loadClass(EvoClassLoader.java:92)
	at dominion.Player.drawCard(Player.java:44)
	at dominion.Player_ESTest.test08(Player_ESTest.java:135)
</error>
    <system-out><![CDATA[reshuffle the deck of the player  to draw.
]]></system-out>
  </testcase>
  <testcase name="test07" classname="dominion.Player_ESTest" time="0.011"/>
  <testcase name="test29" classname="dominion.Player_ESTest" time="0.011">
    <error message="dominion/Card$CardName" type="java.lang.NoClassDefFoundError">java.lang.NoClassDefFoundError: dominion/Card$CardName
	at java.lang.ClassLoader.defineClass1(Native Method)
	at java.lang.ClassLoader.defineClass(ClassLoader.java:763)
	at java.lang.ClassLoader.defineClass(ClassLoader.java:642)
	at org.evosuite.runtime.instrumentation.EvoClassLoader.instrumentClass(EvoClassLoader.java:116)
	at org.evosuite.runtime.instrumentation.EvoClassLoader.loadClass(EvoClassLoader.java:92)
	at dominion.Player_ESTest.test29(Player_ESTest.java:418)
</error>
  </testcase>
  <testcase name="test06" classname="dominion.Player_ESTest" time="0.012"/>
  <testcase name="test28" classname="dominion.Player_ESTest" time="0.011">
    <error message="dominion/Card$Type" type="java.lang.NoClassDefFoundError">java.lang.NoClassDefFoundError: dominion/Card$Type
	at dominion.Player.playKingdomCard(Player.java:88)
	at dominion.Player_ESTest.test28(Player_ESTest.java:412)
</error>
    <system-out><![CDATA[ is out of cards.
 is out of cards.
 is out of cards.
 is out of cards.
 is out of cards.
]]></system-out>
  </testcase>
  <testcase name="test30" classname="dominion.Player_ESTest" time="0.014">
    <error message="dominion/Card$CardName" type="java.lang.NoClassDefFoundError">java.lang.NoClassDefFoundError: dominion/Card$CardName
	at java.lang.ClassLoader.defineClass1(Native Method)
	at java.lang.ClassLoader.defineClass(ClassLoader.java:763)
	at java.lang.ClassLoader.defineClass(ClassLoader.java:642)
	at org.evosuite.runtime.instrumentation.EvoClassLoader.instrumentClass(EvoClassLoader.java:116)
	at org.evosuite.runtime.instrumentation.EvoClassLoader.loadClass(EvoClassLoader.java:92)
	at dominion.Player_ESTest.test30(Player_ESTest.java:430)
</error>
  </testcase>
  <testcase name="test12" classname="dominion.Player_ESTest" time="0.016">
    <error message="dominion/Card$CardName" type="java.lang.NoClassDefFoundError">java.lang.NoClassDefFoundError: dominion/Card$CardName
	at java.lang.ClassLoader.defineClass1(Native Method)
	at java.lang.ClassLoader.defineClass(ClassLoader.java:763)
	at java.lang.ClassLoader.defineClass(ClassLoader.java:642)
	at org.evosuite.runtime.instrumentation.EvoClassLoader.instrumentClass(EvoClassLoader.java:116)
	at org.evosuite.runtime.instrumentation.EvoClassLoader.loadClass(EvoClassLoader.java:92)
	at dominion.Player_ESTest.test12(Player_ESTest.java:185)
</error>
  </testcase>
  <testcase name="test11" classname="dominion.Player_ESTest" time="0.012">
    <error message="dominion/Card$Type" type="java.lang.NoClassDefFoundError">java.lang.NoClassDefFoundError: dominion/Card$Type
	at dominion.Player.playTreasureCard(Player.java:109)
	at dominion.Player_ESTest.test11(Player_ESTest.java:171)
</error>
  </testcase>
  <testcase name="test10" classname="dominion.Player_ESTest" time="0.015">
    <error message="dominion/Card$CardName" type="java.lang.NoClassDefFoundError">java.lang.NoClassDefFoundError: dominion/Card$CardName
	at java.lang.ClassLoader.defineClass1(Native Method)
	at java.lang.ClassLoader.defineClass(ClassLoader.java:763)
	at java.lang.ClassLoader.defineClass(ClassLoader.java:642)
	at org.evosuite.runtime.instrumentation.EvoClassLoader.instrumentClass(EvoClassLoader.java:116)
	at org.evosuite.runtime.instrumentation.EvoClassLoader.loadClass(EvoClassLoader.java:92)
	at dominion.Player_ESTest.test10(Player_ESTest.java:159)
</error>
  </testcase>
  <testcase name="test16" classname="dominion.Player_ESTest" time="0.01"/>
  <testcase name="test15" classname="dominion.Player_ESTest" time="0.008">
    <error message="dominion/Randomness" type="java.lang.NoClassDefFoundError">java.lang.NoClassDefFoundError: dominion/Randomness
	at dominion.Player.drawCard(Player.java:44)
	at dominion.Player.endTurn(Player.java:189)
	at dominion.Player_ESTest.test15(Player_ESTest.java:245)
</error>
    <system-out><![CDATA[discards hand
reshuffle the deck of the player  to draw.
]]></system-out>
  </testcase>
  <testcase name="test14" classname="dominion.Player_ESTest" time="0.012"/>
  <testcase name="test13" classname="dominion.Player_ESTest" time="0.008">
    <error message="dominion/Randomness" type="java.lang.NoClassDefFoundError">java.lang.NoClassDefFoundError: dominion/Randomness
	at dominion.Player.drawCard(Player.java:44)
	at dominion.Player.initializePlayerTurn(Player.java:69)
	at dominion.Player_ESTest.test13(Player_ESTest.java:207)
</error>
    <system-out><![CDATA[reshuffle the deck of the player S~ $?6C%i7MlTdQ to draw.
]]></system-out>
  </testcase>
  <testcase name="test19" classname="dominion.Player_ESTest" time="0.012"/>
  <testcase name="test18" classname="dominion.Player_ESTest" time="0.011"/>
  <testcase name="test17" classname="dominion.Player_ESTest" time="0.011"/>
</testsuite>